\BOOKMARK [0][-]{chapter.1}{Introduction}{}% 1
\BOOKMARK [-1][-]{part.1}{I SAT Math}{}% 2
\BOOKMARK [0][-]{chapter.2}{General Strategies for SAT Math}{part.1}% 3
\BOOKMARK [0][-]{chapter.3}{Numbers and Operations}{part.1}% 4
\BOOKMARK [1][-]{section.3.1}{Arithmetic Word Problems}{chapter.3}% 5
\BOOKMARK [1][-]{section.3.2}{Rational Numbers}{chapter.3}% 6
\BOOKMARK [1][-]{section.3.3}{Sequences and Series}{chapter.3}% 7
\BOOKMARK [1][-]{section.3.4}{Elementary Number Theory}{chapter.3}% 8
\BOOKMARK [1][-]{section.3.5}{Sets}{chapter.3}% 9
\BOOKMARK [1][-]{section.3.6}{Counting Techniques}{chapter.3}% 10
\BOOKMARK [1][-]{section.3.7}{SAT Worksheet: Basic}{chapter.3}% 11
\BOOKMARK [1][-]{section.3.8}{SAT Worksheet: Medium}{chapter.3}% 12
\BOOKMARK [1][-]{section.3.9}{SAT Worksheet: Advanced}{chapter.3}% 13
\BOOKMARK [0][-]{chapter.4}{Strategies for Algebra}{part.1}% 14
\BOOKMARK [1][-]{section.4.1}{Substitution \046 Simplification}{chapter.4}% 15
\BOOKMARK [1][-]{section.4.2}{Solutions}{chapter.4}% 16
\BOOKMARK [1][-]{section.4.3}{Properties of Exponents}{chapter.4}% 17
\BOOKMARK [1][-]{section.4.4}{Systems of Equations and Inequalities}{chapter.4}% 18
\BOOKMARK [1][-]{section.4.5}{Equations of Lines}{chapter.4}% 19
\BOOKMARK [1][-]{section.4.6}{Absolute Value}{chapter.4}% 20
\BOOKMARK [0][-]{chapter.5}{Algebra and Functions: Part I}{part.1}% 21
\BOOKMARK [1][-]{section.5.1}{Algebraic Expressions}{chapter.5}% 22
\BOOKMARK [1][-]{section.5.2}{Linear Equations}{chapter.5}% 23
\BOOKMARK [1][-]{section.5.3}{Properties of Exponents}{chapter.5}% 24
\BOOKMARK [1][-]{section.5.4}{System of Equations}{chapter.5}% 25
\BOOKMARK [1][-]{section.5.5}{Equations of Lines}{chapter.5}% 26
\BOOKMARK [0][-]{chapter.6}{Algebra and Functions: Part II}{part.1}% 27
\BOOKMARK [1][-]{section.6.1}{Absolute Value}{chapter.6}% 28
\BOOKMARK [1][-]{section.6.2}{Variation}{chapter.6}% 29
\BOOKMARK [1][-]{section.6.3}{Quadratic Equations}{chapter.6}% 30
\BOOKMARK [1][-]{section.6.4}{Rational \046 Radical}{chapter.6}% 31
\BOOKMARK [1][-]{section.6.5}{Algebraic Functions}{chapter.6}% 32
\BOOKMARK [1][-]{section.6.6}{New Symbols}{chapter.6}% 33
\BOOKMARK [0][-]{chapter.7}{Geometry and Measurement: Part I}{part.1}% 34
\BOOKMARK [1][-]{section.7.1}{Polygons}{chapter.7}% 35
\BOOKMARK [1][-]{section.7.2}{Circles}{chapter.7}% 36
\BOOKMARK [1][-]{section.7.3}{Volumes}{chapter.7}% 37
\BOOKMARK [1][-]{section.7.4}{Special Triangles}{chapter.7}% 38
\BOOKMARK [0][-]{chapter.8}{Geometry and Measurement: Part II}{part.1}% 39
\BOOKMARK [1][-]{section.8.1}{Linear Relationships}{chapter.8}% 40
\BOOKMARK [1][-]{section.8.2}{Slope}{chapter.8}% 41
\BOOKMARK [1][-]{section.8.3}{Similarity}{chapter.8}% 42
\BOOKMARK [1][-]{section.8.4}{Transformations}{chapter.8}% 43
\BOOKMARK [0][-]{chapter.9}{Geometry and Measurement: Part III}{part.1}% 44
\BOOKMARK [1][-]{section.9.1}{Coordinate Geometry}{chapter.9}% 45
\BOOKMARK [1][-]{section.9.2}{Geometric Visualization}{chapter.9}% 46
\BOOKMARK [0][-]{chapter.10}{Data Analysis, Statistics, and Probability}{part.1}% 47
\BOOKMARK [1][-]{section.10.1}{Data Interpretation with Tables}{chapter.10}% 48
\BOOKMARK [1][-]{section.10.2}{Data Interpretation with Graphs}{chapter.10}% 49
\BOOKMARK [1][-]{section.10.3}{Descriptive Statistics: Mean, Median, and Mode}{chapter.10}% 50
\BOOKMARK [1][-]{section.10.4}{Probability}{chapter.10}% 51
\BOOKMARK [-1][-]{part.2}{II SAT Verbal}{}% 52
\BOOKMARK [0][-]{chapter.11}{The Six Most Frequently Missed Errors on SAT Writing Multiple Choice: Strategies for Sentence Improvements and Sentence Errors}{part.2}% 53
\BOOKMARK [1][-]{section.11.1}{The Six Most Frequently Missed Errors on SAT Writing Multiple Choice: Strategies for Sentence Improvements and Sentence Errors}{chapter.11}% 54
\BOOKMARK [2][-]{subsection.11.1.1}{SAT Worksheet: Warm-Up}{section.11.1}% 55
\BOOKMARK [1][-]{section.11.2}{About the SAT Writing Section}{chapter.11}% 56
\BOOKMARK [1][-]{section.11.3}{Types of Writing Multiple Choice Questions}{chapter.11}% 57
\BOOKMARK [1][-]{section.11.4}{Mastering Sentence Improvement and Sentence Error Questions}{chapter.11}% 58
\BOOKMARK [1][-]{section.11.5}{Verb Tense}{chapter.11}% 59
\BOOKMARK [2][-]{subsection.11.5.1}{Subject-Verb Agreement}{section.11.5}% 60
\BOOKMARK [1][-]{section.11.6}{SAT Worksheet: SAT Writing Multiple Choice Practice with Subject-Verb Agreement}{chapter.11}% 61
\BOOKMARK [2][-]{subsection.11.6.1}{Using the Correct Verb Tense}{section.11.6}% 62
\BOOKMARK [1][-]{section.11.7}{Pronouns}{chapter.11}% 63
\BOOKMARK [2][-]{subsection.11.7.1}{Agreement with the Antecedent}{section.11.7}% 64
\BOOKMARK [2][-]{subsection.11.7.2}{Unclear Pronouns}{section.11.7}% 65
\BOOKMARK [2][-]{subsection.11.7.3}{Consistent Point of View}{section.11.7}% 66
\BOOKMARK [1][-]{section.11.8}{Misplaced Modifiers}{chapter.11}% 67
\BOOKMARK [2][-]{subsection.11.8.1}{SAT Worksheet: SAT Writing Multiple Choice Practice with Modifiers}{section.11.8}% 68
\BOOKMARK [1][-]{section.11.9}{Parallelism}{chapter.11}% 69
\BOOKMARK [1][-]{section.11.10}{Faulty Comparisons}{chapter.11}% 70
\BOOKMARK [1][-]{section.11.11}{Word Choice}{chapter.11}% 71
\BOOKMARK [1][-]{section.11.12}{Other Common Errors}{chapter.11}% 72
\BOOKMARK [0][-]{chapter.12}{Sentence Improvements}{part.2}% 73
\BOOKMARK [1][-]{section.12.1}{SAT Worksheet: Warm-Up}{chapter.12}% 74
\BOOKMARK [1][-]{section.12.2}{Identify the Error or Errors in the Original Sentence}{chapter.12}% 75
\BOOKMARK [1][-]{section.12.3}{Incorrect Answers}{chapter.12}% 76
\BOOKMARK [1][-]{section.12.4}{Picking the Most Clear and Concise Sentence}{chapter.12}% 77
\BOOKMARK [1][-]{section.12.5}{Sentence Improvements}{chapter.12}% 78
\BOOKMARK [0][-]{chapter.13}{Four Strategies to Beat Paragraph Improvements}{part.2}% 79
\BOOKMARK [1][-]{section.13.1}{SAT Worksheet: Warm-Up}{chapter.13}% 80
\BOOKMARK [1][-]{section.13.2}{Skim the Passage}{chapter.13}% 81
\BOOKMARK [1][-]{section.13.3}{Determine the Type of Question You're Being Asked}{chapter.13}% 82
\BOOKMARK [1][-]{section.13.4}{Read the Lines Relevant to the Question}{chapter.13}% 83
\BOOKMARK [1][-]{section.13.5}{Develop Your Own Answer Before Looking at the Answer Choices}{chapter.13}% 84
\BOOKMARK [1][-]{section.13.6}{SAT Worksheet: Paragraph Improvement Practice}{chapter.13}% 85
\BOOKMARK [0][-]{chapter.14}{Six Strategies for a Perfect Six Essay and Practice}{part.2}% 86
\BOOKMARK [1][-]{section.14.1}{SAT Worksheet: Warm-Up}{chapter.14}% 87
\BOOKMARK [1][-]{section.14.2}{Strategy \0431: Know the Right Structure}{chapter.14}% 88
\BOOKMARK [1][-]{section.14.3}{Strategy \0432: Present a Clear Thesis}{chapter.14}% 89
\BOOKMARK [2][-]{subsection.14.3.1}{SAT Worksheet: Practice Writing Thesis Statements}{section.14.3}% 90
\BOOKMARK [1][-]{section.14.4}{Strategy \0433: Use 1 Specific Example in Each Body Paragraph}{chapter.14}% 91
\BOOKMARK [2][-]{subsection.14.4.1}{SAT Worksheet: Practice Writing Specific Examples}{section.14.4}% 92
\BOOKMARK [1][-]{section.14.5}{Strategy \0434: Write a Clear, Two-Part Conclusion}{chapter.14}% 93
\BOOKMARK [2][-]{subsection.14.5.1}{SAT Worksheet: Practice Writing Conclusions}{section.14.5}% 94
\BOOKMARK [1][-]{section.14.6}{Strategy \0435: Use Transitions Between Paragraphs}{chapter.14}% 95
\BOOKMARK [1][-]{section.14.7}{Use Formal Language and Proper Grammar}{chapter.14}% 96
\BOOKMARK [2][-]{subsection.14.7.1}{SAT Worksheet: Correct the following sentences so that they each use formal language and are free of grammatical mistakes}{section.14.7}% 97
\BOOKMARK [1][-]{section.14.8}{SAT Essay Practice}{chapter.14}% 98
\BOOKMARK [0][-]{chapter.15}{Strategy \0431 For Sentence Completions and Passage-Based Reading Questions: Building Vocabulary}{part.2}% 99
\BOOKMARK [1][-]{section.15.1}{SAT Worksheet: Warm-Up}{chapter.15}% 100
\BOOKMARK [1][-]{section.15.2}{SAT Vocabulary}{chapter.15}% 101
\BOOKMARK [1][-]{section.15.3}{Words to Know}{chapter.15}% 102
\BOOKMARK [1][-]{section.15.4}{Groups of Words}{chapter.15}% 103
\BOOKMARK [1][-]{section.15.5}{SATWorksheet: Practice with Grouping Vocabulary Words}{chapter.15}% 104
\BOOKMARK [1][-]{section.15.6}{Prefixes, Suffixes, and Roots to Know}{chapter.15}% 105
\BOOKMARK [1][-]{section.15.7}{SAT Worksheet: Practice Determining SAT Words using Prefixes, Suffixes, and Roots}{chapter.15}% 106
\BOOKMARK [1][-]{section.15.8}{Connotations}{chapter.15}% 107
\BOOKMARK [1][-]{section.15.9}{SAT Worksheet: Determine the connotation of unfamiliar words}{chapter.15}% 108
\BOOKMARK [1][-]{section.15.10}{SAT Worksheet: Practice with Unfamiliar Words}{chapter.15}% 109
\BOOKMARK [1][-]{section.15.11}{SAT Worksheet: Sentence Completion Strategies Practice}{chapter.15}% 110
\BOOKMARK [1][-]{section.15.12}{SAT Worksheet: Practice with 1-Blank Sentence Completion Questions}{chapter.15}% 111
\BOOKMARK [2][-]{subsection.15.12.1}{SAT Worksheet: Practice with 2-Blank Sentence Completion Questions}{section.15.12}% 112
\BOOKMARK [1][-]{section.15.13}{Vocabulary-in-Context Practice for Reading Comprehension}{chapter.15}% 113
\BOOKMARK [2][-]{subsection.15.13.1}{SAT Worksheet: Vocabulary-in-Context Practice for Reading Comprehension}{section.15.13}% 114
\BOOKMARK [0][-]{chapter.16}{Strategy \0432 For Sentence Completions and Passage-Based Reading Questions: Determining Key Words}{part.2}% 115
\BOOKMARK [1][-]{section.16.1}{SAT Worksheet: Warm-Up}{chapter.16}% 116
\BOOKMARK [1][-]{section.16.2}{Determining Key Words In Sentence Completions}{chapter.16}% 117
\BOOKMARK [2][-]{subsection.16.2.1}{SAT Worksheet: Practice with Key Words in Sentence Completions}{section.16.2}% 118
\BOOKMARK [1][-]{section.16.3}{Determining Key Phrases in the Passage}{chapter.16}% 119
\BOOKMARK [2][-]{subsection.16.3.1}{SAT Worksheet: Practice Identifying Main Ideas and Important Points}{section.16.3}% 120
\BOOKMARK [1][-]{section.16.4}{Determining Key Phrases in the Passage-Based Reading Questions}{chapter.16}% 121
\BOOKMARK [1][-]{section.16.5}{SAT Worksheet: Practice with Passage-Based Reading Questions}{chapter.16}% 122
\BOOKMARK [1][-]{section.16.6}{Practice}{chapter.16}% 123
\BOOKMARK [1][-]{section.16.7}{Correcting Incorrect Answers}{chapter.16}% 124
\BOOKMARK [0][-]{chapter.17}{Strategy \0433 For Sentence Completions and Passage-Based Reading Questions: Determining Important Relationships in the Text}{part.2}% 125
\BOOKMARK [1][-]{section.17.1}{SAT Worksheet: Warm-Up}{chapter.17}% 126
\BOOKMARK [1][-]{section.17.2}{Determining the Relationships Between Parts of the Passage}{chapter.17}% 127
\BOOKMARK [1][-]{section.17.3}{Practice}{chapter.17}% 128
\BOOKMARK [1][-]{section.17.4}{Paired Passages}{chapter.17}% 129
\BOOKMARK [1][-]{section.17.5}{Practice}{chapter.17}% 130
\BOOKMARK [0][-]{chapter.18}{Vocabulary}{part.2}% 131
\BOOKMARK [1][-]{section.18.1}{Vocabulary Words}{chapter.18}% 132
\BOOKMARK [0][-]{chapter.19}{Answer Key}{part.2}% 133
